0 info it worked if it ends with ok
1 verbose cli [ 'c:\\Program Files (x86)\\nodejs\\node.exe',
1 verbose cli   'c:\\Program Files (x86)\\nodejs\\node_modules\\npm\\bin\\npm-cli.js',
1 verbose cli   'install',
1 verbose cli   'grunt-contrib-coffee' ]
2 info using npm@1.3.14
3 info using node@v0.10.22
4 verbose readDependencies using package.json deps
5 verbose cache add [ 'grunt-contrib-coffee', null ]
6 verbose cache add name=undefined spec="grunt-contrib-coffee" args=["grunt-contrib-coffee",null]
7 verbose parsed url { protocol: null,
7 verbose parsed url   slashes: null,
7 verbose parsed url   auth: null,
7 verbose parsed url   host: null,
7 verbose parsed url   port: null,
7 verbose parsed url   hostname: null,
7 verbose parsed url   hash: null,
7 verbose parsed url   search: null,
7 verbose parsed url   query: null,
7 verbose parsed url   pathname: 'grunt-contrib-coffee',
7 verbose parsed url   path: 'grunt-contrib-coffee',
7 verbose parsed url   href: 'grunt-contrib-coffee' }
8 silly lockFile c5771075-grunt-contrib-coffee grunt-contrib-coffee
9 verbose lock grunt-contrib-coffee C:\Users\sonaliko\AppData\Roaming\npm-cache\c5771075-grunt-contrib-coffee.lock
10 silly lockFile c5771075-grunt-contrib-coffee grunt-contrib-coffee
11 silly lockFile c5771075-grunt-contrib-coffee grunt-contrib-coffee
12 verbose addNamed [ 'grunt-contrib-coffee', '' ]
13 verbose addNamed [ null, '*' ]
14 silly lockFile 5fd8084b-grunt-contrib-coffee grunt-contrib-coffee@
15 verbose lock grunt-contrib-coffee@ C:\Users\sonaliko\AppData\Roaming\npm-cache\5fd8084b-grunt-contrib-coffee.lock
16 silly addNameRange { name: 'grunt-contrib-coffee', range: '*', hasData: false }
17 verbose url raw grunt-contrib-coffee
18 verbose url resolving [ 'https://registry.npmjs.org/', './grunt-contrib-coffee' ]
19 verbose url resolved https://registry.npmjs.org/grunt-contrib-coffee
20 info trying registry request attempt 1 at 12:18:41
21 http GET https://registry.npmjs.org/grunt-contrib-coffee
22 info retry will retry, error on last attempt: Error: connect ETIMEDOUT
23 info trying registry request attempt 2 at 12:19:12
24 http GET https://registry.npmjs.org/grunt-contrib-coffee
25 info retry will retry, error on last attempt: Error: connect ETIMEDOUT
26 info trying registry request attempt 3 at 12:20:33
27 http GET https://registry.npmjs.org/grunt-contrib-coffee
28 silly lockFile 5fd8084b-grunt-contrib-coffee grunt-contrib-coffee@
29 silly lockFile 5fd8084b-grunt-contrib-coffee grunt-contrib-coffee@
30 error network connect ETIMEDOUT
30 error network This is most likely not a problem with npm itself
30 error network and is related to network connectivity.
30 error network In most cases you are behind a proxy or have bad network settings.
30 error network
30 error network If you are behind a proxy, please make sure that the
30 error network 'proxy' config is set properly.  See: 'npm help config'
31 error System Windows_NT 6.1.7601
32 error command "c:\\Program Files (x86)\\nodejs\\node.exe" "c:\\Program Files (x86)\\nodejs\\node_modules\\npm\\bin\\npm-cli.js" "install" "grunt-contrib-coffee"
33 error cwd d:\myGitProject\AMD_Demo
34 error node -v v0.10.22
35 error npm -v 1.3.14
36 error syscall connect
37 error code ETIMEDOUT
38 error errno ETIMEDOUT
39 verbose exit [ 1, true ]
